<?xml version="1.0" encoding="UTF-8"?>
<testsuite name="com.kodilla.stream.array.ArrayOperationsTestSuite" tests="1" skipped="0" failures="0" errors="0" timestamp="2019-03-23T01:28:41" hostname="DESKTOP-QC6JLUN" time="0.014">
  <properties/>
  <testcase name="testGetAverage" classname="com.kodilla.stream.array.ArrayOperationsTestSuite" time="0.014"/>
  <system-out><![CDATA[1
2
3
4
5
6
7
8
9
]]></system-out>
  <system-err><![CDATA[]]></system-err>
</testsuite>
