<?xml version="1.0" encoding="UTF-8"?>
<testsuite name="com.kodilla.stream.practic.StreamTestSuit" tests="9" skipped="0" failures="0" errors="0" timestamp="2019-03-23T01:28:41" hostname="DESKTOP-QC6JLUN" time="0.01">
  <properties/>
  <testcase name="testAverageJava8" classname="com.kodilla.stream.practic.StreamTestSuit" time="0.001"/>
  <testcase name="testSumJava8" classname="com.kodilla.stream.practic.StreamTestSuit" time="0.001"/>
  <testcase name="testCountLength3UsingJava8" classname="com.kodilla.stream.practic.StreamTestSuit" time="0.0"/>
  <testcase name="testMinJava8" classname="com.kodilla.stream.practic.StreamTestSuit" time="0.001"/>
  <testcase name="testCountEmptyStringUsingJava8" classname="com.kodilla.stream.practic.StreamTestSuit" time="0.001"/>
  <testcase name="testSquaresJava8" classname="com.kodilla.stream.practic.StreamTestSuit" time="0.002"/>
  <testcase name="testMaxJava8" classname="com.kodilla.stream.practic.StreamTestSuit" time="0.001"/>
  <testcase name="testDeleteEmptyStringsUsingJava8" classname="com.kodilla.stream.practic.StreamTestSuit" time="0.0"/>
  <testcase name="testMergedStringUsingJava8" classname="com.kodilla.stream.practic.StreamTestSuit" time="0.002"/>
  <system-out><![CDATA[]]></system-out>
  <system-err><![CDATA[]]></system-err>
</testsuite>
