<?xml version="1.0" encoding="UTF-8"?>
<testsuite name="com.kodilla.patterns.factory.tasks.TaskFactoryTestSuite" tests="3" skipped="0" failures="0" errors="0" timestamp="2019-01-11T17:48:08" hostname="DESKTOP-QC6JLUN" time="0.003">
  <properties/>
  <testcase name="testShoppingTask" classname="com.kodilla.patterns.factory.tasks.TaskFactoryTestSuite" time="0.001"/>
  <testcase name="testDrivingTask" classname="com.kodilla.patterns.factory.tasks.TaskFactoryTestSuite" time="0.001"/>
  <testcase name="testPaintingTask" classname="com.kodilla.patterns.factory.tasks.TaskFactoryTestSuite" time="0.001"/>
  <system-out><![CDATA[Task buy milk was executed by buying 1.0 of milk.
]]></system-out>
  <system-err><![CDATA[]]></system-err>
</testsuite>
