<?xml version="1.0" encoding="UTF-8"?>
<testsuite name="com.kodilla.patterns.singleton.LoggerTestSuite" tests="1" skipped="0" failures="0" errors="0" timestamp="2019-01-11T17:48:08" hostname="DESKTOP-QC6JLUN" time="0.001">
  <properties/>
  <testcase name="getLastLog" classname="com.kodilla.patterns.singleton.LoggerTestSuite" time="0.001"/>
  <system-out><![CDATA[Log: [Something]
]]></system-out>
  <system-err><![CDATA[]]></system-err>
</testsuite>
